<?xml version="1.0" encoding="UTF-8"?>
<testng-results skipped="0" failed="0" ignored="0" total="1" passed="1">
  <reporter-output>
  </reporter-output>
  <suite name="Default suite" duration-ms="12530" started-at="2020-04-08T18:11:44 PDT" finished-at="2020-04-08T18:11:56 PDT">
    <groups>
    </groups>
    <test name="Default test" duration-ms="12530" started-at="2020-04-08T18:11:44 PDT" finished-at="2020-04-08T18:11:56 PDT">
      <class name="demo.Test1">
        <test-method status="PASS" signature="setUp()[pri:0, instance:demo.Test1@1e965684]" name="setUp" is-config="true" duration-ms="6379" started-at="2020-04-08T18:11:44 PDT" finished-at="2020-04-08T18:11:50 PDT">
          <reporter-output>
          </reporter-output>
        </test-method> <!-- setUp -->
        <test-method status="PASS" signature="test1()[pri:0, instance:demo.Test1@1e965684]" name="test1" duration-ms="5468" started-at="2020-04-08T18:11:50 PDT" finished-at="2020-04-08T18:11:55 PDT">
          <reporter-output>
          </reporter-output>
        </test-method> <!-- test1 -->
        <test-method status="PASS" signature="tearDown()[pri:0, instance:demo.Test1@1e965684]" name="tearDown" is-config="true" duration-ms="633" started-at="2020-04-08T18:11:55 PDT" finished-at="2020-04-08T18:11:56 PDT">
          <reporter-output>
          </reporter-output>
        </test-method> <!-- tearDown -->
      </class> <!-- demo.Test1 -->
    </test> <!-- Default test -->
  </suite> <!-- Default suite -->
</testng-results>
